<?xml version="1.0" encoding="UTF-8"?>
<!-- Generated by org.testng.reporters.JUnitReportReporter -->
<testsuite hostname="NoOneHere" failures="0" tests="1" name="com.qa.selenium.tests.DashboardTest" time="11.242" errors="0" timestamp="2024-10-03T12:02:19 IST" skipped="0">
  <testcase classname="com.qa.selenium.tests.DashboardTest" name="pageTitle" time="11.242"/>
</testsuite> <!-- com.qa.selenium.tests.DashboardTest -->
