<?xml version="1.0" encoding="UTF-8"?>
<!-- Generated by org.testng.reporters.JUnitReportReporter -->
<testsuite hostname="NoOneHere" failures="0" tests="2" name="com.qa.selenium.tests.LoginTest" time="23.236" errors="0" timestamp="2024-10-03T11:22:16 IST" skipped="0">
  <testcase classname="com.qa.selenium.tests.LoginTest" name="pageTitle" time="8.625"/>
  <testcase classname="com.qa.selenium.tests.LoginTest" name="signIn" time="14.611"/>
</testsuite> <!-- com.qa.selenium.tests.LoginTest -->
