<?xml version="1.0" encoding="UTF-8"?>
<!-- Generated by org.testng.reporters.JUnitReportReporter -->
<testsuite hostname="NoOneHere" failures="0" tests="1" name="com.qa.selenium.tests.TestNGBasics" time="0.007" errors="0" timestamp="2024-09-30T16:08:35 IST" skipped="0">
  <testcase classname="com.qa.selenium.tests.TestNGBasics" name="myName" time="0.007"/>
</testsuite> <!-- com.qa.selenium.tests.TestNGBasics -->
