<?xml version="1.0" encoding="UTF-8"?>
<!-- Generated by org.testng.reporters.JUnitReportReporter -->
<testsuite hostname="NoOneHere" failures="0" tests="1" name="com.qa.selenium.util.ReadExcelSheet" time="0.445" errors="0" timestamp="2024-10-02T22:37:32 IST" skipped="0">
  <testcase classname="com.qa.selenium.util.ReadExcelSheet" name="dataReadTest" time="0.445"/>
</testsuite> <!-- com.qa.selenium.util.ReadExcelSheet -->
