<?xml version="1.0" encoding="UTF-8"?>
<!-- Generated by org.testng.reporters.JUnitReportReporter -->
<testsuite hostname="NoOneHere" failures="0" tests="1" name="com.qa.selenium.tests.DashboardTest" time="17.362" errors="0" timestamp="2024-10-03T11:22:16 IST" skipped="0">
  <testcase classname="com.qa.selenium.tests.DashboardTest" name="pageTitle" time="17.362"/>
</testsuite> <!-- com.qa.selenium.tests.DashboardTest -->
